* installing *source* package ‘gputools’ ...
** package ‘gputools’ successfully unpacked and MD5 sums checked
checking "CUDA compiler"... "environment variable NVCC not set"
checking for nvcc... /usr/bin/nvcc
"using NVCC=/usr/bin/nvcc"
checking "root of the CUDA install directory"... "environment variable CUDA_HOME not set"
"using CUDA_HOME=/usr"
checking "location of CUDA libraries"... checking for "/usr/lib/libcublas.so"... no
checking for "/usr/lib64/libcublas.so"... no
checking for "/usr/lib/libcublas.dylib"... no
checking for "/usr/lib64/libcublas.dylib"... no
checking "R"... "using /usr/lib/R for the root of the R install directory"
"using /usr/lib/R/include for R header files"
checking for rpath flag style... checking for cc... cc
checking whether the C compiler works... yes
checking for C compiler default output file name... a.out
checking for suffix of executables... 
checking whether we are cross compiling... no
checking for suffix of object files... o
checking whether we are using the GNU C compiler... yes
checking whether cc accepts -g... yes
checking for cc option to accept ISO C89... none needed
rpath flag style... gnu
checking build system type... x86_64-unknown-linux-gnu
checking host system type... x86_64-unknown-linux-gnu
configure: creating ./config.status
config.status: creating src/Makefile
** libs
** arch - 
/usr/bin/nvcc -c -Xcompiler "-fpic  -g -O2 -fstack-protector-strong -Wformat -Werror=format-security -Wdate-time -D_FORTIFY_SOURCE=2 -g -O0" -I. -I"/usr/include" -I"/usr/lib/R/include" rinterface.cu -o rinterface.o
/usr/bin/nvcc -c -Xcompiler "-fpic  -g -O2 -fstack-protector-strong -Wformat -Werror=format-security -Wdate-time -D_FORTIFY_SOURCE=2 -g -O0" -I. -I"/usr/include" -I"/usr/lib/R/include" mi.cu -o mi.o
/usr/bin/nvcc -c -Xcompiler "-fpic  -g -O2 -fstack-protector-strong -Wformat -Werror=format-security -Wdate-time -D_FORTIFY_SOURCE=2 -g -O0" -I. -I"/usr/include" -I"/usr/lib/R/include" sort.cu -o sort.o
/usr/bin/nvcc -c -Xcompiler "-fpic  -g -O2 -fstack-protector-strong -Wformat -Werror=format-security -Wdate-time -D_FORTIFY_SOURCE=2 -g -O0" -I. -I"/usr/include" -I"/usr/lib/R/include" granger.cu -o granger.o
/usr/bin/nvcc -c -Xcompiler "-fpic  -g -O2 -fstack-protector-strong -Wformat -Werror=format-security -Wdate-time -D_FORTIFY_SOURCE=2 -g -O0" -I. -I"/usr/include" -I"/usr/lib/R/include" qrdecomp.cu -o qrdecomp.o
/usr/bin/nvcc -c -Xcompiler "-fpic  -g -O2 -fstack-protector-strong -Wformat -Werror=format-security -Wdate-time -D_FORTIFY_SOURCE=2 -g -O0" -I. -I"/usr/include" -I"/usr/lib/R/include" correlation.cu -o correlation.o
/usr/bin/nvcc -c -Xcompiler "-fpic  -g -O2 -fstack-protector-strong -Wformat -Werror=format-security -Wdate-time -D_FORTIFY_SOURCE=2 -g -O0" -I. -I"/usr/include" -I"/usr/lib/R/include" hcluster.cu -o hcluster.o
/usr/bin/nvcc -c -Xcompiler "-fpic  -g -O2 -fstack-protector-strong -Wformat -Werror=format-security -Wdate-time -D_FORTIFY_SOURCE=2 -g -O0" -I. -I"/usr/include" -I"/usr/lib/R/include" distance.cu -o distance.o
/usr/bin/nvcc -c -Xcompiler "-fpic  -g -O2 -fstack-protector-strong -Wformat -Werror=format-security -Wdate-time -D_FORTIFY_SOURCE=2 -g -O0" -I. -I"/usr/include" -I"/usr/lib/R/include" matmult.cu -o matmult.o
/usr/bin/nvcc -c -Xcompiler "-fpic  -g -O2 -fstack-protector-strong -Wformat -Werror=format-security -Wdate-time -D_FORTIFY_SOURCE=2 -g -O0" -I. -I"/usr/include" -I"/usr/lib/R/include" lsfit.cu -o lsfit.o
/usr/bin/nvcc -c -Xcompiler "-fpic  -g -O2 -fstack-protector-strong -Wformat -Werror=format-security -Wdate-time -D_FORTIFY_SOURCE=2 -g -O0" -I. -I"/usr/include" -I"/usr/lib/R/include" kendall.cu -o kendall.o
/usr/bin/nvcc -c -Xcompiler "-fpic  -g -O2 -fstack-protector-strong -Wformat -Werror=format-security -Wdate-time -D_FORTIFY_SOURCE=2 -g -O0" -I. -I"/usr/include" -I"/usr/lib/R/include" cuseful.cu -o cuseful.o
rinterface.cu:1:14: fatal error: R.h: No such file or directory
sort.cu:2:14: fatal error: R.h: No such file or directory
lsfit.cu:5:14: fatal error: R.h: No such file or directory
mi.cu:5:14: fatal error: R.h: No such file or directory
granger.cu:1:18: fatal error: Rmath.h: No such file or directory
compilation terminated.
compilation terminated.
compilation terminated.
compilation terminated.
compilation terminated.
distance.cu:1:14: fatal error: R.h: No such file or directory
matmult.cu:10:14: fatal error: R.h: No such file or directory
hcluster.cu:5:14: fatal error: R.h: No such file or directory
compilation terminated.
compilation terminated.
compilation terminated.
cuseful.cu:6:14: fatal error: R.h: No such file or directory
compilation terminated.
qrdecomp.cu:5:14: fatal error: R.h: No such file or directory
correlation.cu:6:14: fatal error: R.h: No such file or directory
compilation terminated.
Makefile:32: recipe for target 'mi.o' failed
make: *** [mi.o] Error 1
make: *** Waiting for unfinished jobs....
Makefile:32: recipe for target 'rinterface.o' failed
make: *** [rinterface.o] Error 1
Makefile:32: recipe for target 'granger.o' failed
make: *** [granger.o] Error 1
Makefile:32: recipe for target 'hcluster.o' failed
make: *** [hcluster.o] Error 1
Makefile:32: recipe for target 'matmult.o' failed
make: *** [matmult.o] Error 1
Makefile:32: recipe for target 'sort.o' failed
make: *** [sort.o] Error 1
Makefile:32: recipe for target 'lsfit.o' failed
make: *** [lsfit.o] Error 1
compilation terminated.
Makefile:32: recipe for target 'distance.o' failed
make: *** [distance.o] Error 1
Makefile:32: recipe for target 'correlation.o' failed
make: *** [correlation.o] Error 1
Makefile:32: recipe for target 'cuseful.o' failed
make: *** [cuseful.o] Error 1
Makefile:32: recipe for target 'qrdecomp.o' failed
make: *** [qrdecomp.o] Error 1
ERROR: compilation failed for package ‘gputools’
* removing ‘/home/muelleki/R/x86_64-pc-linux-gnu-library/3.3/gputools’
